<?xml version="1.0" encoding="UTF-8"?>
<!-- Generated by org.testng.reporters.JUnitXMLReporter -->
<testsuite ignored="0" hostname="DESKTOP-K13N48C" failures="0" tests="4" name="PetTest" time="9.749" errors="0" timestamp="2024-03-28T17:35:33 IST">
  <testcase classname="api.test.UserTest2" name="testpostUser" time="4.517"/>
  <testcase classname="api.test.UserTest2" name="testGetUser" time="1.196"/>
  <testcase classname="api.test.UserTest2" name="testUpdateUser" time="2.166"/>
  <testcase classname="api.test.UserTest2" name="testDeleteUser" time="1.096"/>
</testsuite> <!-- PetTest -->
