<?xml version="1.0" encoding="UTF-8"?>
<testng-results ignored="0" total="4" passed="4" failed="0" skipped="0">
  <reporter-output>
  </reporter-output>
  <suite started-at="2024-03-28T17:35:23 IST" name="TestSuite" finished-at="2024-03-28T17:35:33 IST" duration-ms="9749">
    <groups>
    </groups>
    <test started-at="2024-03-28T17:35:23 IST" name="PetTest" finished-at="2024-03-28T17:35:33 IST" duration-ms="9749">
      <class name="api.test.UserTest2">
        <test-method is-config="true" signature="setupData()[pri:0, instance:api.test.UserTest2@6dc17b83]" started-at="2024-03-28T17:35:23 IST" name="setupData" finished-at="2024-03-28T17:35:24 IST" duration-ms="379" status="PASS">
          <reporter-output>
          </reporter-output>
        </test-method> <!-- setupData -->
        <test-method signature="testpostUser()[pri:1, instance:api.test.UserTest2@6dc17b83]" started-at="2024-03-28T17:35:24 IST" name="testpostUser" finished-at="2024-03-28T17:35:28 IST" duration-ms="4517" status="PASS">
          <reporter-output>
          </reporter-output>
        </test-method> <!-- testpostUser -->
        <test-method signature="testGetUser()[pri:2, instance:api.test.UserTest2@6dc17b83]" started-at="2024-03-28T17:35:28 IST" name="testGetUser" finished-at="2024-03-28T17:35:29 IST" duration-ms="1196" status="PASS">
          <reporter-output>
          </reporter-output>
        </test-method> <!-- testGetUser -->
        <test-method signature="testUpdateUser()[pri:3, instance:api.test.UserTest2@6dc17b83]" started-at="2024-03-28T17:35:29 IST" name="testUpdateUser" finished-at="2024-03-28T17:35:31 IST" duration-ms="2166" status="PASS">
          <reporter-output>
          </reporter-output>
        </test-method> <!-- testUpdateUser -->
        <test-method signature="testDeleteUser()[pri:4, instance:api.test.UserTest2@6dc17b83]" started-at="2024-03-28T17:35:31 IST" name="testDeleteUser" finished-at="2024-03-28T17:35:33 IST" duration-ms="1096" status="PASS">
          <reporter-output>
          </reporter-output>
        </test-method> <!-- testDeleteUser -->
      </class> <!-- api.test.UserTest2 -->
    </test> <!-- PetTest -->
  </suite> <!-- TestSuite -->
</testng-results>
