<?xml version="1.0" encoding="UTF-8"?>
<testng-results ignored="0" total="4" passed="4" failed="0" skipped="0">
  <reporter-output>
  </reporter-output>
  <suite started-at="2024-03-28T15:17:50 IST" name="TestSuite" finished-at="2024-03-28T15:18:02 IST" duration-ms="11341">
    <groups>
    </groups>
    <test started-at="2024-03-28T15:17:50 IST" name="PetTest" finished-at="2024-03-28T15:18:02 IST" duration-ms="11341">
      <class name="api.test.UserTest2">
        <test-method is-config="true" signature="setupData()[pri:0, instance:api.test.UserTest2@41d477ed]" started-at="2024-03-28T15:17:51 IST" name="setupData" finished-at="2024-03-28T15:17:51 IST" duration-ms="320" status="PASS">
          <reporter-output>
          </reporter-output>
        </test-method> <!-- setupData -->
        <test-method signature="testpostUser()[pri:1, instance:api.test.UserTest2@41d477ed]" started-at="2024-03-28T15:17:51 IST" name="testpostUser" finished-at="2024-03-28T15:17:55 IST" duration-ms="4427" status="PASS">
          <reporter-output>
          </reporter-output>
        </test-method> <!-- testpostUser -->
        <test-method signature="testGetUser()[pri:2, instance:api.test.UserTest2@41d477ed]" started-at="2024-03-28T15:17:56 IST" name="testGetUser" finished-at="2024-03-28T15:17:57 IST" duration-ms="1625" status="PASS">
          <reporter-output>
          </reporter-output>
        </test-method> <!-- testGetUser -->
        <test-method signature="testUpdateUser()[pri:3, instance:api.test.UserTest2@41d477ed]" started-at="2024-03-28T15:17:57 IST" name="testUpdateUser" finished-at="2024-03-28T15:18:00 IST" duration-ms="3055" status="PASS">
          <reporter-output>
          </reporter-output>
        </test-method> <!-- testUpdateUser -->
        <test-method signature="testDeleteUser()[pri:4, instance:api.test.UserTest2@41d477ed]" started-at="2024-03-28T15:18:00 IST" name="testDeleteUser" finished-at="2024-03-28T15:18:02 IST" duration-ms="1414" status="PASS">
          <reporter-output>
          </reporter-output>
        </test-method> <!-- testDeleteUser -->
      </class> <!-- api.test.UserTest2 -->
    </test> <!-- PetTest -->
  </suite> <!-- TestSuite -->
</testng-results>
