<?xml version="1.0" encoding="UTF-8"?>
<!-- Generated by org.testng.reporters.JUnitXMLReporter -->
<testsuite ignored="0" hostname="DESKTOP-K13N48C" failures="0" tests="4" name="PetTest" time="11.341" errors="0" timestamp="2024-03-28T15:18:02 IST">
  <testcase classname="api.test.UserTest2" name="testpostUser" time="4.427"/>
  <testcase classname="api.test.UserTest2" name="testGetUser" time="1.625"/>
  <testcase classname="api.test.UserTest2" name="testUpdateUser" time="3.055"/>
  <testcase classname="api.test.UserTest2" name="testDeleteUser" time="1.414"/>
</testsuite> <!-- PetTest -->
